==6265== Memcheck, a memory error detector
==6265== Copyright (C) 2002-2013, and GNU GPL'd, by Julian Seward et al.
==6265== Using Valgrind-3.10.0 and LibVEX; rerun with -h for copyright info
==6265== Command: ./arcade lib_arcade_ncurses.so
==6265== Parent PID: 6011
==6265== 
--6265-- 
--6265-- Valgrind options:
--6265--    -v
--6265--    --log-file=debug.log
--6265-- Contents of /proc/version:
--6265--   Linux version 3.16.7-35-desktop (geeko@buildhost) (gcc version 4.8.3 20140627 [gcc-4_8-branch revision 212064] (SUSE Linux) ) #1 SMP PREEMPT Sun Feb 7 17:32:21 UTC 2016 (832c776)
--6265-- Arch and hwcaps: AMD64, LittleEndian, amd64-cx16-lzcnt-rdtscp-sse3-avx-avx2-bmi
--6265-- Page sizes: currently 4096, max supported 4096
--6265-- Valgrind library directory: /usr/lib64/valgrind
--6265-- Reading syms from /home/gaspar_q/rendu/semestre4/C++/cpp_arcade/arcade
--6265-- Reading syms from /lib64/ld-2.19.so
--6265-- Reading syms from /usr/lib64/valgrind/memcheck-amd64-linux
--6265--    object doesn't have a symbol table
--6265--    object doesn't have a dynamic symbol table
--6265-- Scheduler: using generic scheduler lock implementation.
--6265-- Reading suppressions file: /usr/lib64/valgrind/default.supp
==6265== embedded gdbserver: reading from /tmp/vgdb-pipe-from-vgdb-to-6265-by-gaspar_q-on-pc-gaspar_q
==6265== embedded gdbserver: writing to   /tmp/vgdb-pipe-to-vgdb-from-6265-by-gaspar_q-on-pc-gaspar_q
==6265== embedded gdbserver: shared mem   /tmp/vgdb-pipe-shared-mem-vgdb-6265-by-gaspar_q-on-pc-gaspar_q
==6265== 
==6265== TO CONTROL THIS PROCESS USING vgdb (which you probably
==6265== don't want to do, unless you know exactly what you're doing,
==6265== or are doing some strange experiment):
==6265==   /usr/lib64/valgrind/../../bin/vgdb --pid=6265 ...command...
==6265== 
==6265== TO DEBUG THIS PROCESS USING GDB: start GDB like this
==6265==   /path/to/gdb ./arcade
==6265== and then give GDB the following command
==6265==   target remote | /usr/lib64/valgrind/../../bin/vgdb --pid=6265
==6265== --pid is optional if only one valgrind process is running
==6265== 
--6265-- REDIR: 0x40177d0 (ld-linux-x86-64.so.2:strlen) redirected to 0x3806bd01 (???)
--6265-- Reading syms from /usr/lib64/valgrind/vgpreload_core-amd64-linux.so
--6265--    object doesn't have a symbol table
--6265-- Reading syms from /usr/lib64/valgrind/vgpreload_memcheck-amd64-linux.so
--6265--    object doesn't have a symbol table
==6265== WARNING: new redirection conflicts with existing -- ignoring it
--6265--     old: 0x040177d0 (strlen              ) R-> (0000.0) 0x3806bd01 ???
--6265--     new: 0x040177d0 (strlen              ) R-> (2007.0) 0x04c2c730 strlen
--6265-- REDIR: 0x4017580 (ld-linux-x86-64.so.2:index) redirected to 0x4c2c2e0 (index)
--6265-- REDIR: 0x40177a0 (ld-linux-x86-64.so.2:strcmp) redirected to 0x4c2d880 (strcmp)
--6265-- REDIR: 0x40184d0 (ld-linux-x86-64.so.2:mempcpy) redirected to 0x4c30330 (mempcpy)
--6265-- Reading syms from /lib64/libdl-2.19.so
--6265-- Reading syms from /usr/lib64/libstdc++.so.6.0.19
--6265--    object doesn't have a symbol table
--6265-- Reading syms from /lib64/libm-2.19.so
--6265-- Reading syms from /lib64/libgcc_s.so.1
--6265--    object doesn't have a symbol table
--6265-- Reading syms from /lib64/libc-2.19.so
--6265-- REDIR: 0x58de480 (libc.so.6:strcasecmp) redirected to 0x4a23770 (_vgnU_ifunc_wrapper)
--6265-- REDIR: 0x58e0770 (libc.so.6:strncasecmp) redirected to 0x4a23770 (_vgnU_ifunc_wrapper)
--6265-- REDIR: 0x58ddc00 (libc.so.6:memcpy@GLIBC_2.2.5) redirected to 0x4a23770 (_vgnU_ifunc_wrapper)
--6265-- REDIR: 0x58dbf80 (libc.so.6:rindex) redirected to 0x4c2bfc0 (rindex)
--6265-- REDIR: 0x58da280 (libc.so.6:strlen) redirected to 0x4c2c670 (strlen)
--6265-- REDIR: 0x58dd660 (libc.so.6:__GI_memcmp) redirected to 0x4c2f110 (__GI_memcmp)
--6265-- REDIR: 0x58d8830 (libc.so.6:strcmp) redirected to 0x4a23770 (_vgnU_ifunc_wrapper)
--6265-- REDIR: 0x597cf50 (libc.so.6:__strcmp_ssse3) redirected to 0x4c2d740 (strcmp)
--6265-- REDIR: 0x509c9a0 (libstdc++.so.6:operator new(unsigned long)) redirected to 0x4c29600 (operator new(unsigned long))
--6265-- REDIR: 0x58e2e50 (libc.so.6:memcpy@@GLIBC_2.14) redirected to 0x4a23770 (_vgnU_ifunc_wrapper)
--6265-- REDIR: 0x58e8d70 (libc.so.6:__memcpy_sse2_unaligned) redirected to 0x4c2dc40 (memcpy@@GLIBC_2.14)
--6265-- REDIR: 0x58d4630 (libc.so.6:malloc) redirected to 0x4c290a0 (malloc)
--6265-- REDIR: 0x58d4d00 (libc.so.6:realloc) redirected to 0x4c2b3a0 (realloc)
--6265-- REDIR: 0x58d4fa0 (libc.so.6:calloc) redirected to 0x4c2b180 (calloc)
--6265-- REDIR: 0x58d4c70 (libc.so.6:free) redirected to 0x4c2a310 (free)
--6265-- REDIR: 0x58e2ea0 (libc.so.6:__GI_memcpy) redirected to 0x4c2e220 (__GI_memcpy)
--6265-- REDIR: 0x58dda60 (libc.so.6:__GI_memmove) redirected to 0x4c2fbf0 (__GI_memmove)
--6265-- REDIR: 0x509ad10 (libstdc++.so.6:operator delete(void*)) redirected to 0x4c2a7e0 (operator delete(void*))
--6265-- Reading syms from /home/gaspar_q/rendu/semestre4/C++/cpp_arcade/games/lib_arcade_centipede.so
--6265-- REDIR: 0x58dd620 (libc.so.6:bcmp) redirected to 0x4a23770 (_vgnU_ifunc_wrapper)
--6265-- REDIR: 0x599cdb0 (libc.so.6:__memcmp_sse4_1) redirected to 0x4c2f190 (__memcmp_sse4_1)
--6265-- Reading syms from /home/gaspar_q/rendu/semestre4/C++/cpp_arcade/games/lib_arcade_snake.so
--6265-- REDIR: 0x598cde0 (libc.so.6:__memmove_ssse3_back) redirected to 0x4c2d9e0 (memcpy@GLIBC_2.2.5)
--6265-- Reading syms from /home/gaspar_q/rendu/semestre4/C++/cpp_arcade/games/lib_arcade_pacman.so
--6265-- Reading syms from /home/gaspar_q/rendu/semestre4/C++/cpp_arcade/lib/lib_arcade_ncurses.so
--6265-- REDIR: 0x58da660 (libc.so.6:strncat) redirected to 0x4a23770 (_vgnU_ifunc_wrapper)
--6265-- REDIR: 0x58da6a0 (libc.so.6:strncmp) redirected to 0x4a23770 (_vgnU_ifunc_wrapper)
--6265-- REDIR: 0x58dd090 (libc.so.6:strstr) redirected to 0x4a23770 (_vgnU_ifunc_wrapper)
--6265-- REDIR: 0x58d85e0 (libc.so.6:index) redirected to 0x4a23770 (_vgnU_ifunc_wrapper)
--6265-- REDIR: 0x58d9cc0 (libc.so.6:strcpy) redirected to 0x4a23770 (_vgnU_ifunc_wrapper)
--6265-- REDIR: 0x58dbf40 (libc.so.6:strncpy) redirected to 0x4a23770 (_vgnU_ifunc_wrapper)
--6265-- REDIR: 0x58da6f0 (libc.so.6:__GI_strncmp) redirected to 0x4c2cec0 (__GI_strncmp)
--6265-- REDIR: 0x58e4e10 (libc.so.6:strchrnul) redirected to 0x4c2ff40 (strchrnul)
--6265-- REDIR: 0x58da440 (libc.so.6:strnlen) redirected to 0x4c2c610 (strnlen)
--6265-- REDIR: 0x58d8610 (libc.so.6:__GI_strchr) redirected to 0x4c2c120 (__GI_strchr)
--6265-- REDIR: 0x58ed930 (libc.so.6:__strcpy_sse2_unaligned) redirected to 0x4c2c750 (strcpy)
--6265-- REDIR: 0xffffffffff600400 (???:???) redirected to 0x3806bced (???)
--6265-- REDIR: 0x58dcbd0 (libc.so.6:__GI_strstr) redirected to 0x4c305c0 (__strstr_sse2)
--6265-- REDIR: 0x58edf60 (libc.so.6:__strncpy_sse2_unaligned) redirected to 0x4c2cd00 (__strncpy_sse2_unaligned)
--6265-- REDIR: 0x58f1fd0 (libc.so.6:__strstr_sse2_unaligned) redirected to 0x4c30530 (strstr)
--6265-- REDIR: 0xffffffffff600000 (???:???) redirected to 0x3806bce3 (???)
--6265-- REDIR: 0x509cab0 (libstdc++.so.6:operator new[](unsigned long)) redirected to 0x4c29d20 (operator new[](unsigned long))
--6265-- REDIR: 0x509ad40 (libstdc++.so.6:operator delete[](void*)) redirected to 0x4c2ad60 (operator delete[](void*))
--6265-- REDIR: 0x58ddc90 (libc.so.6:memset) redirected to 0x4c2f8e0 (memset)
--6265-- Discarding syms at 0x66a9520-0x66d3391 in /home/gaspar_q/rendu/semestre4/C++/cpp_arcade/lib/lib_arcade_ncurses.so due to munmap()
--6265-- Reading syms from /home/gaspar_q/rendu/semestre4/C++/cpp_arcade/lib/lib_arcade_opengl.so
--6265-- Reading syms from /usr/lib64/libGL.so.1.2.0
--6265--    object doesn't have a symbol table
--6265-- Reading syms from /usr/lib64/libGLU.so.1.3.1
--6265--    object doesn't have a symbol table
--6265-- Reading syms from /usr/lib64/libSDL2-2.0.so.0.2.1
--6265--    object doesn't have a symbol table
--6265-- Reading syms from /usr/lib64/libglut.so.3.9.0
--6265--    object doesn't have a symbol table
--6265-- Reading syms from /usr/lib64/libexpat.so.1.6.0
--6265--    object doesn't have a symbol table
--6265-- Reading syms from /usr/lib64/libglapi.so.0.0.0
--6265--    object doesn't have a symbol table
--6265-- Reading syms from /usr/lib64/libXext.so.6.4.0
--6265--    object doesn't have a symbol table
--6265-- Reading syms from /usr/lib64/libXdamage.so.1.1.0
--6265--    object doesn't have a symbol table
--6265-- Reading syms from /usr/lib64/libXfixes.so.3.1.0
--6265--    object doesn't have a symbol table
--6265-- Reading syms from /usr/lib64/libX11-xcb.so.1.0.0
--6265--    object doesn't have a symbol table
--6265-- Reading syms from /usr/lib64/libX11.so.6.3.0
--6265--    object doesn't have a symbol table
--6265-- Reading syms from /usr/lib64/libxcb-glx.so.0.0.0
--6265--    object doesn't have a symbol table
--6265-- Reading syms from /usr/lib64/libxcb-dri2.so.0.0.0
--6265--    object doesn't have a symbol table
--6265-- Reading syms from /usr/lib64/libxcb-dri3.so.0.0.0
--6265--    object doesn't have a symbol table
--6265-- Reading syms from /usr/lib64/libxcb-present.so.0.0.0
--6265--    object doesn't have a symbol table
--6265-- Reading syms from /usr/lib64/libxcb-sync.so.1.0.0
--6265--    object doesn't have a symbol table
--6265-- Reading syms from /usr/lib64/libxcb.so.1.1.0
--6265--    object doesn't have a symbol table
--6265-- Reading syms from /usr/lib64/libxshmfence.so.1.0.0
--6265--    object doesn't have a symbol table
--6265-- Reading syms from /usr/lib64/libXxf86vm.so.1.0.0
--6265--    object doesn't have a symbol table
--6265-- Reading syms from /usr/lib64/libdrm.so.2.4.0
--6265--    object doesn't have a symbol table
--6265-- Reading syms from /lib64/libpthread-2.19.so
--6265-- Reading syms from /usr/lib64/libasound.so.2.0.0
--6265--    object doesn't have a symbol table
--6265-- Reading syms from /lib64/librt-2.19.so
--6265-- Reading syms from /usr/lib64/libXi.so.6.1.0
--6265--    object doesn't have a symbol table
--6265-- Reading syms from /usr/lib64/libXrandr.so.2.2.0
--6265--    object doesn't have a symbol table
--6265-- Reading syms from /usr/lib64/libXau.so.6.0.0
--6265--    object doesn't have a symbol table
--6265-- Reading syms from /usr/lib64/libXrender.so.1.3.0
--6265--    object doesn't have a symbol table
--6265-- REDIR: 0x58de2d0 (libc.so.6:stpcpy) redirected to 0x4a23770 (_vgnU_ifunc_wrapper)
--6265-- REDIR: 0x594b590 (libc.so.6:__memcpy_chk) redirected to 0x4a23770 (_vgnU_ifunc_wrapper)
--6265-- REDIR: 0x58ddde0 (libc.so.6:mempcpy) redirected to 0x4a23770 (_vgnU_ifunc_wrapper)
--6265-- REDIR: 0x58d83e0 (libc.so.6:strcat) redirected to 0x4a23770 (_vgnU_ifunc_wrapper)
--6265-- REDIR: 0x58dc5f0 (libc.so.6:strspn) redirected to 0x4a23770 (_vgnU_ifunc_wrapper)
--6265-- REDIR: 0x58d9de0 (libc.so.6:strcspn) redirected to 0x4a23770 (_vgnU_ifunc_wrapper)
--6265-- REDIR: 0x594b830 (libc.so.6:__strcpy_chk) redirected to 0x4c2ffc0 (__strcpy_chk)
--6265-- REDIR: 0x597e1b0 (libc.so.6:__strncmp_ssse3) redirected to 0x4c2ce50 (strncmp)
--6265-- Reading syms from /usr/lib64/libXcursor.so.1.0.2
--6265--    object doesn't have a symbol table
--6265-- Reading syms from /usr/lib64/libXinerama.so.1.0.0
--6265--    object doesn't have a symbol table
--6265-- Reading syms from /usr/lib64/libXss.so.1.0.0
--6265--    object doesn't have a symbol table
--6265-- REDIR: 0x4018620 (ld-linux-x86-64.so.2:stpcpy) redirected to 0x4c2f6b0 (stpcpy)
--6265-- REDIR: 0x58de310 (libc.so.6:__GI_stpcpy) redirected to 0x4c2f330 (__GI_stpcpy)
--6265-- Discarding syms at 0xac49e40-0xac4e7ad in /usr/lib64/libXcursor.so.1.0.2 due to munmap()
--6265-- Discarding syms at 0xae52c10-0xae53503 in /usr/lib64/libXinerama.so.1.0.0 due to munmap()
--6265-- Discarding syms at 0xb055df0-0xb056a1b in /usr/lib64/libXss.so.1.0.0 due to munmap()
--6265-- Reading syms from /usr/lib64/libXcursor.so.1.0.2
--6265--    object doesn't have a symbol table
--6265-- Reading syms from /usr/lib64/libXinerama.so.1.0.0
--6265--    object doesn't have a symbol table
--6265-- Reading syms from /usr/lib64/libXss.so.1.0.0
--6265--    object doesn't have a symbol table
--6265-- REDIR: 0x58dd2d0 (libc.so.6:memchr) redirected to 0x4c2d920 (memchr)
--6265-- REDIR: 0x58eef40 (libc.so.6:__stpcpy_sse2_unaligned) redirected to 0x4c2f4f0 (__stpcpy_sse2_unaligned)
--6265-- Reading syms from /lib64/libdbus-1.so.3.8.11
--6265--    object doesn't have a symbol table
--6265-- REDIR: 0x58e89b0 (libc.so.6:__GI_strncpy) redirected to 0x4c2ca60 (__GI_strncpy)
--6265-- Reading syms from /usr/lib64/libudev.so.1.4.0
--6265--    object doesn't have a symbol table
--6265-- REDIR: 0x598a310 (libc.so.6:__mempcpy_ssse3_back) redirected to 0x4c30060 (mempcpy)
--6265-- REDIR: 0x58e4c00 (libc.so.6:rawmemchr) redirected to 0x4c2ff80 (rawmemchr)
--6265-- Reading syms from /usr/lib64/dri/i965_dri.so
--6265--    object doesn't have a symbol table
--6265-- Reading syms from /usr/lib64/libdrm_intel.so.1.0.0
--6265--    object doesn't have a symbol table
--6265-- Reading syms from /usr/lib64/libdrm_nouveau.so.2.0.0
--6265--    object doesn't have a symbol table
--6265-- Reading syms from /usr/lib64/libdrm_radeon.so.1.0.1
--6265--    object doesn't have a symbol table
--6265-- Reading syms from /usr/lib64/libpciaccess.so.0.11.1
--6265--    object doesn't have a symbol table
--6265-- REDIR: 0x5979e10 (libc.so.6:__strspn_sse42) redirected to 0x4c307b0 (strspn)
--6265-- REDIR: 0x58d65f0 (libc.so.6:posix_memalign) redirected to 0x4c2b780 (posix_memalign)
--6265-- REDIR: 0x58f0750 (libc.so.6:__strcat_sse2_unaligned) redirected to 0x4c2c320 (strcat)
--6265-- REDIR: 0x58d8870 (libc.so.6:__GI_strcmp) redirected to 0x4c2d790 (__GI_strcmp)
--6265-- REDIR: 0x597b5a0 (libc.so.6:__strncasecmp_avx) redirected to 0x4c2d0f0 (strncasecmp)
--6265-- Reading syms from /usr/lib64/libpulse-simple.so.0.1.0
--6265--    object doesn't have a symbol table
--6265-- Reading syms from /usr/lib64/libpulse.so.0.17.3
--6265--    object doesn't have a symbol table
--6265-- Reading syms from /usr/lib64/pulseaudio/libpulsecommon-5.0.so
--6265--    object doesn't have a symbol table
--6265-- Reading syms from /usr/lib64/libjson-c.so.2.0.1
--6265--    object doesn't have a symbol table
--6265-- Reading syms from /usr/lib64/libsystemd.so.0.0.1
--6265--    object doesn't have a symbol table
--6265-- Reading syms from /usr/lib64/libsndfile.so.1.0.25
--6265--    object doesn't have a symbol table
--6265-- Reading syms from /usr/lib64/liblzma.so.5.0.7
--6265--    object doesn't have a symbol table
--6265-- Reading syms from /usr/lib64/libgcrypt.so.20.0.1
--6265--    object doesn't have a symbol table
--6265-- Reading syms from /lib64/libresolv-2.19.so
--6265-- Reading syms from /usr/lib64/libFLAC.so.8.3.0
--6265--    object doesn't have a symbol table
--6265-- Reading syms from /usr/lib64/libvorbisenc.so.2.0.10
--6265--    object doesn't have a symbol table
--6265-- Reading syms from /usr/lib64/libspeex.so.1.5.0
--6265--    object doesn't have a symbol table
--6265-- Reading syms from /usr/lib64/libgpg-error.so.0.12.1
--6265--    object doesn't have a symbol table
--6265-- Reading syms from /lib64/libcrypto.so.1.0.0
--6265--    object doesn't have a symbol table
--6265-- Reading syms from /usr/lib64/libogg.so.0.8.1
--6265--    object doesn't have a symbol table
--6265-- Reading syms from /usr/lib64/libvorbis.so.0.4.7
--6265--    object doesn't have a symbol table
--6265-- Reading syms from /lib64/libz.so.1.2.8
--6265--    object doesn't have a symbol table
--6265-- REDIR: 0x5979f30 (libc.so.6:__strcasecmp_avx) redirected to 0x4c2d010 (strcasecmp)
--6265-- REDIR: 0x5979bb0 (libc.so.6:__strcspn_sse42) redirected to 0x4c30740 (strcspn)
--6265-- Discarding syms at 0x669c2f0-0x66a5e23 in /home/gaspar_q/rendu/semestre4/C++/cpp_arcade/lib/lib_arcade_opengl.so due to munmap()
--6265-- Discarding syms at 0x6b40c30-0x6b9af19 in /usr/lib64/libGLU.so.1.3.1 due to munmap()
--6265-- Discarding syms at 0x6dcf3f0-0x6e7e24a in /usr/lib64/libSDL2-2.0.so.0.2.1 due to munmap()
--6265-- Discarding syms at 0x70d58f0-0x70e6d1a in /usr/lib64/libglut.so.3.9.0 due to munmap()
--6265-- Discarding syms at 0x975e3f0-0x97d75ef in /usr/lib64/libasound.so.2.0.0 due to munmap()
--6265-- Reading syms from /home/gaspar_q/rendu/semestre4/C++/cpp_arcade/lib/lib_arcade_ncurses.so
--6265-- Discarding syms at 0x6b5e520-0x6b88391 in /home/gaspar_q/rendu/semestre4/C++/cpp_arcade/lib/lib_arcade_ncurses.so due to munmap()
--6265-- Reading syms from /home/gaspar_q/rendu/semestre4/C++/cpp_arcade/lib/lib_arcade_opengl.so
--6265-- Reading syms from /usr/lib64/libGLU.so.1.3.1
--6265--    object doesn't have a symbol table
--6265-- Reading syms from /usr/lib64/libSDL2-2.0.so.0.2.1
--6265--    object doesn't have a symbol table
--6265-- Reading syms from /usr/lib64/libglut.so.3.9.0
--6265--    object doesn't have a symbol table
--6265-- Reading syms from /usr/lib64/libasound.so.2.0.0
--6265--    object doesn't have a symbol table
==6265== 
==6265== Process terminating with default action of signal 3 (SIGQUIT)
==6265==    at 0x669E425: OpenGlGraph::SphereMenu::SphereMenu() (in /home/gaspar_q/rendu/semestre4/C++/cpp_arcade/lib/lib_arcade_opengl.so)
==6265==    by 0x669DF26: OpenGlGraph::DrawBackgroundMenu() (in /home/gaspar_q/rendu/semestre4/C++/cpp_arcade/lib/lib_arcade_opengl.so)
==6265==    by 0x669DA21: OpenGlGraph::display(std::stack<AComponent*, std::deque<AComponent*, std::allocator<AComponent*> > >) (in /home/gaspar_q/rendu/semestre4/C++/cpp_arcade/lib/lib_arcade_opengl.so)
==6265==    by 0x403908: arcade::Arcade::Run() (in /home/gaspar_q/rendu/semestre4/C++/cpp_arcade/arcade)
==6265==    by 0x40FE5E: main (in /home/gaspar_q/rendu/semestre4/C++/cpp_arcade/arcade)
==6265== 
==6265== HEAP SUMMARY:
==6265==     in use at exit: 47,480,981 bytes in 21,934 blocks
==6265==   total heap usage: 151,281 allocs, 129,347 frees, 230,291,339 bytes allocated
==6265== 
==6265== Searching for pointers to 21,934 not-freed blocks
==6265== Checked 27,769,224 bytes
==6265== 
==6265== LEAK SUMMARY:
==6265==    definitely lost: 272,341 bytes in 90 blocks
==6265==    indirectly lost: 413,706 bytes in 955 blocks
==6265==      possibly lost: 45,665,661 bytes in 17,044 blocks
==6265==    still reachable: 1,129,273 bytes in 3,845 blocks
==6265==         suppressed: 0 bytes in 0 blocks
==6265== Rerun with --leak-check=full to see details of leaked memory
==6265== 
==6265== ERROR SUMMARY: 0 errors from 0 contexts (suppressed: 14 from 1)
--6265-- 
--6265-- used_suppression:     14 X on SUSE11 writev uninit padding /usr/lib64/valgrind/default.supp:397
==6265== 
==6265== ERROR SUMMARY: 0 errors from 0 contexts (suppressed: 14 from 1)
